ssh-keygen -t rsa -b 4096 -C 790@holbertonschool.com
/root/.ssh/id_rsa_holberton
passphrase:holberton
retry passphrase:holberton
image:
The key's randomart image is:
+---[RSA 4096]----+
|   ..+.oo        |
|   .o ==..       |
|   .. ++=        |
|  .  o.= o .     |
|   ...=.S + .    |
|  . o..+.B .     |
|   =.o  +.=      |
|  E *.. .o.+o    |
|   +.o.o...+..   |
+----[SHA256]-----+
>> eval $(ssh-agent -s)
Agent pid XXXX
>> ssh-add /root/.ssh/id_rsa_holberton
Enter passphrase for /root/.ssh/id_rsa_holberton:holberton
cat /root/.ssh/id_rsa_holberton.pub
ssh-rsa AAAAB3NzaC1yc2EAAAADAQABAAACAQC41f6SYMjrT/gMKRPsEpC3d/qU++vZK9TdTRXN/5S9JzD6d5wJYyokyGt1nHM7u+zeDJx26hG0qCTG2rBLdypJWapOPGCG9845YaXOEkntr6NpSq/W2DZQn+XjPVfW2cUCULVUiMs7rqDg9rDGd9WFfCyd5r4XSwyFbT8HbDnJb4v8FCtMPSSvilJ9CZsynBaovSnAYJBkrggZcGKQoxTyzqZKA7iMjUhmfviLjfbgTn2AAirOI7S5aGIkxpSzoGBwuK89hkSjlDDutLH/pX6Ph51IbvGj8LR34kM0auNZM02KMxOpV0FG2hp9ivT9wSpa2xdFdvo3U5aS3guJ80GiKU290LH29EnS+hGXmjHwzDkoeheGWA3reI3y3XdG1Ylg3CuB+LGEx3kgeoxrmA3VxO+IEHP/FT3Itz8dnwqfrGZTezvL7P3Fchw6w5oQu9RD5CnEdJBgWaM5uMMAgZLPjALGTju+QqQ9i12gtDzjL5dE1BySZyHQpc5k7mr1ctksJD861ELiqDZVvV/4w4EU4qwRaReTgJou9GE2RnSTfl6EiwQFL9lidca8PvhvxFLOpFyV99JICsURS2/4qsVGv5QdmhFDUPaA7C8zSnIgqlc8YoPyEfDkv1riwpNWaYbo+nClwE2ud+xIL0ZJBIRB1UnPaxsAvtSw03O0hKNgLQ== 790@holbertonschool.com


